/usr/bin/ld: warning: libopenal.so.1, needed by /home/swarmie/rover_workspace/src/mobility/cmake_modules/SFML-2.4.2/lib/libsfml-audio-d.so, not found (try using -rpath or -rpath-link)
/home/swarmie/rover_workspace/src/mobility/cmake_modules/SFML-2.4.2/lib/libsfml-audio-d.so: undefined reference to `alDeleteBuffers'
/home/swarmie/rover_workspace/src/mobility/cmake_modules/SFML-2.4.2/lib/libsfml-audio-d.so: undefined reference to `alcMakeContextCurrent'
/home/swarmie/rover_workspace/src/mobility/cmake_modules/SFML-2.4.2/lib/libsfml-audio-d.so: undefined reference to `alGenSources'
/home/swarmie/rover_workspace/src/mobility/cmake_modules/SFML-2.4.2/lib/libsfml-audio-d.so: undefined reference to `alGetError'
/home/swarmie/rover_workspace/src/mobility/cmake_modules/SFML-2.4.2/lib/libsfml-audio-d.so: undefined reference to `alcCaptureCloseDevice'
/home/swarmie/rover_workspace/src/mobility/cmake_modules/SFML-2.4.2/lib/libsfml-audio-d.so: undefined reference to `alSourceQueueBuffers'
/home/swarmie/rover_workspace/src/mobility/cmake_modules/SFML-2.4.2/lib/libsfml-audio-d.so: undefined reference to `alcCaptureStart'
/home/swarmie/rover_workspace/src/mobility/cmake_modules/SFML-2.4.2/lib/libsfml-audio-d.so: undefined reference to `alcOpenDevice'
/home/swarmie/rover_workspace/src/mobility/cmake_modules/SFML-2.4.2/lib/libsfml-audio-d.so: undefined reference to `alcCaptureSamples'
/home/swarmie/rover_workspace/src/mobility/cmake_modules/SFML-2.4.2/lib/libsfml-audio-d.so: undefined reference to `alListener3f'
/home/swarmie/rover_workspace/src/mobility/cmake_modules/SFML-2.4.2/lib/libsfml-audio-d.so: undefined reference to `alSourcei'
/home/swarmie/rover_workspace/src/mobility/cmake_modules/SFML-2.4.2/lib/libsfml-audio-d.so: undefined reference to `alGetSourcei'
/home/swarmie/rover_workspace/src/mobility/cmake_modules/SFML-2.4.2/lib/libsfml-audio-d.so: undefined reference to `alDeleteSources'
/home/swarmie/rover_workspace/src/mobility/cmake_modules/SFML-2.4.2/lib/libsfml-audio-d.so: undefined reference to `alSource3f'
/home/swarmie/rover_workspace/src/mobility/cmake_modules/SFML-2.4.2/lib/libsfml-audio-d.so: undefined reference to `alSourceUnqueueBuffers'
/home/swarmie/rover_workspace/src/mobility/cmake_modules/SFML-2.4.2/lib/libsfml-audio-d.so: undefined reference to `alcDestroyContext'
/home/swarmie/rover_workspace/src/mobility/cmake_modules/SFML-2.4.2/lib/libsfml-audio-d.so: undefined reference to `alSourcePlay'
/home/swarmie/rover_workspace/src/mobility/cmake_modules/SFML-2.4.2/lib/libsfml-audio-d.so: undefined reference to `alListenerfv'
/home/swarmie/rover_workspace/src/mobility/cmake_modules/SFML-2.4.2/lib/libsfml-audio-d.so: undefined reference to `alcCaptureStop'
/home/swarmie/rover_workspace/src/mobility/cmake_modules/SFML-2.4.2/lib/libsfml-audio-d.so: undefined reference to `alcGetIntegerv'
/home/swarmie/rover_workspace/src/mobility/cmake_modules/SFML-2.4.2/lib/libsfml-audio-d.so: undefined reference to `alcCreateContext'
/home/swarmie/rover_workspace/src/mobility/cmake_modules/SFML-2.4.2/lib/libsfml-audio-d.so: undefined reference to `alBufferData'
/home/swarmie/rover_workspace/src/mobility/cmake_modules/SFML-2.4.2/lib/libsfml-audio-d.so: undefined reference to `alGenBuffers'
/home/swarmie/rover_workspace/src/mobility/cmake_modules/SFML-2.4.2/lib/libsfml-audio-d.so: undefined reference to `alGetSource3f'
/home/swarmie/rover_workspace/src/mobility/cmake_modules/SFML-2.4.2/lib/libsfml-audio-d.so: undefined reference to `alSourcef'
/home/swarmie/rover_workspace/src/mobility/cmake_modules/SFML-2.4.2/lib/libsfml-audio-d.so: undefined reference to `alcCloseDevice'
/home/swarmie/rover_workspace/src/mobility/cmake_modules/SFML-2.4.2/lib/libsfml-audio-d.so: undefined reference to `alcCaptureOpenDevice'
/home/swarmie/rover_workspace/src/mobility/cmake_modules/SFML-2.4.2/lib/libsfml-audio-d.so: undefined reference to `alcGetString'
/home/swarmie/rover_workspace/src/mobility/cmake_modules/SFML-2.4.2/lib/libsfml-audio-d.so: undefined reference to `alIsExtensionPresent'
/home/swarmie/rover_workspace/src/mobility/cmake_modules/SFML-2.4.2/lib/libsfml-audio-d.so: undefined reference to `alGetEnumValue'
/home/swarmie/rover_workspace/src/mobility/cmake_modules/SFML-2.4.2/lib/libsfml-audio-d.so: undefined reference to `alGetBufferi'
/home/swarmie/rover_workspace/src/mobility/cmake_modules/SFML-2.4.2/lib/libsfml-audio-d.so: undefined reference to `alSourcePause'
/home/swarmie/rover_workspace/src/mobility/cmake_modules/SFML-2.4.2/lib/libsfml-audio-d.so: undefined reference to `alSourceStop'
/home/swarmie/rover_workspace/src/mobility/cmake_modules/SFML-2.4.2/lib/libsfml-audio-d.so: undefined reference to `alListenerf'
/home/swarmie/rover_workspace/src/mobility/cmake_modules/SFML-2.4.2/lib/libsfml-audio-d.so: undefined reference to `alGetSourcef'
/home/swarmie/rover_workspace/src/mobility/cmake_modules/SFML-2.4.2/lib/libsfml-audio-d.so: undefined reference to `alcIsExtensionPresent'
collect2: error: ld returned 1 exit status
make[2]: *** [/home/swarmie/rover_workspace/devel/lib/mobility/mobility] Error 1
make[1]: *** [CMakeFiles/mobility.dir/all] Error 2
make: *** [all] Error 2
