[33m[1mCMake Warning[0m at /opt/ros/indigo/share/catkin/cmake/catkinConfig.cmake:76 (find_package):
  Could not find a package configuration file provided by "PythonLibs" with
  any of the following names:

    PythonLibsConfig.cmake
    pythonlibs-config.cmake

  Add the installation prefix of "PythonLibs" to CMAKE_PREFIX_PATH or set
  "PythonLibs_DIR" to a directory containing one of the above files.  If
  "PythonLibs" provides a separate development package or SDK, be sure it has
  been installed.
[36mCall Stack (most recent call first):[0m
  CMakeLists.txt:4 (find_package)


[31m[1mCMake Error[0m at /opt/ros/indigo/share/catkin/cmake/catkinConfig.cmake:83 (find_package):
  Could not find a package configuration file provided by "PythonLibs" with
  any of the following names:

    PythonLibsConfig.cmake
    pythonlibs-config.cmake

  Add the installation prefix of "PythonLibs" to CMAKE_PREFIX_PATH or set
  "PythonLibs_DIR" to a directory containing one of the above files.  If
  "PythonLibs" provides a separate development package or SDK, be sure it has
  been installed.
[36mCall Stack (most recent call first):[0m
  CMakeLists.txt:4 (find_package)


make: *** [cmake_check_build_system] Error 1
